2023-04-08T08:21:31.988-03:00  INFO 24076 --- [main] c.g.d.m.MscartoesApplicationTests        : Starting MscartoesApplicationTests using Java 17.0.3 with PID 24076 (started by Daniel in D:\desenvolvimento\ws-micro-service-spring\ws-mscurso-modular\Microservice-CursoMs\mscartoes)
2023-04-08T08:21:32.016-03:00  INFO 24076 --- [main] c.g.d.m.MscartoesApplicationTests        : The following 1 profile is active: "dev"
2023-04-08T08:21:35.414-03:00  INFO 24076 --- [main] .s.d.r.c.RepositoryConfigurationDelegate : Bootstrapping Spring Data JPA repositories in DEFAULT mode.
2023-04-08T08:21:35.797-03:00  INFO 24076 --- [main] .s.d.r.c.RepositoryConfigurationDelegate : Finished Spring Data repository scanning in 360 ms. Found 2 JPA repository interfaces.
2023-04-08T08:21:36.515-03:00  INFO 24076 --- [main] o.s.cloud.context.scope.GenericScope     : BeanFactory id=b7556bc1-17ea-311a-b13f-960d8c1c986c
2023-04-08T08:21:37.573-03:00  INFO 24076 --- [main] com.zaxxer.hikari.HikariDataSource       : HikariPool-1 - Starting...
2023-04-08T08:21:38.219-03:00  INFO 24076 --- [main] com.zaxxer.hikari.pool.HikariPool        : HikariPool-1 - Added connection conn0: url=jdbc:h2:mem:1a673a64-8f80-4aaa-b0c4-81273e7280bd user=SA
2023-04-08T08:21:38.228-03:00  INFO 24076 --- [main] com.zaxxer.hikari.HikariDataSource       : HikariPool-1 - Start completed.
2023-04-08T08:21:38.394-03:00  INFO 24076 --- [main] o.hibernate.jpa.internal.util.LogHelper  : HHH000204: Processing PersistenceUnitInfo [name: default]
2023-04-08T08:21:38.692-03:00  INFO 24076 --- [main] org.hibernate.Version                    : HHH000412: Hibernate ORM core version 6.1.7.Final
2023-04-08T08:21:39.572-03:00  INFO 24076 --- [main] SQL dialect                              : HHH000400: Using dialect: org.hibernate.dialect.H2Dialect
2023-04-08T08:21:41.807-03:00  INFO 24076 --- [main] o.h.e.t.j.p.i.JtaPlatformInitiator       : HHH000490: Using JtaPlatform implementation: [org.hibernate.engine.transaction.jta.platform.internal.NoJtaPlatform]
2023-04-08T08:21:41.832-03:00  INFO 24076 --- [main] j.LocalContainerEntityManagerFactoryBean : Initialized JPA EntityManagerFactory for persistence unit 'default'
2023-04-08T08:21:43.495-03:00  WARN 24076 --- [main] JpaBaseConfiguration$JpaWebConfiguration : spring.jpa.open-in-view is enabled by default. Therefore, database queries may be performed during view rendering. Explicitly configure spring.jpa.open-in-view to disable this warning
2023-04-08T08:21:51.149-03:00  INFO 24076 --- [main] DiscoveryClientOptionalArgsConfiguration : Eureka HTTP Client uses RestTemplate.
2023-04-08T08:21:51.305-03:00  WARN 24076 --- [main] iguration$LoadBalancerCaffeineWarnLogger : Spring Cloud LoadBalancer is currently working with the default cache. While this cache implementation is useful for development and tests, it's recommended to use Caffeine cache in production.You can switch to using Caffeine cache, by adding it and org.springframework.cache.caffeine.CaffeineCacheManager to the classpath.
2023-04-08T08:21:51.328-03:00  INFO 24076 --- [main] o.s.b.a.e.web.EndpointLinksResolver      : Exposing 17 endpoint(s) beneath base path '/actuator'
2023-04-08T08:21:51.720-03:00  INFO 24076 --- [main] o.s.a.r.c.CachingConnectionFactory       : Attempting to connect to: [localhost:5672]
2023-04-08T08:21:51.792-03:00  INFO 24076 --- [main] o.s.a.r.l.SimpleMessageListenerContainer : Broker not available; cannot force queue declarations during start: java.net.ConnectException: Connection refused: no further information
2023-04-08T08:21:51.828-03:00  INFO 24076 --- [org.springframework.amqp.rabbit.RabbitListenerEndpointContainer#0-1] o.s.a.r.c.CachingConnectionFactory       : Attempting to connect to: [localhost:5672]
2023-04-08T08:21:51.895-03:00  INFO 24076 --- [main] c.g.d.m.MscartoesApplicationTests        : Started MscartoesApplicationTests in 21.155 seconds (process running for 23.466)
2023-04-08T08:21:52.741-03:00  INFO 24076 --- [SpringApplicationShutdownHook] o.s.c.n.eureka.InstanceInfoFactory       : Setting initial instance status as: STARTING
2023-04-08T08:21:52.744-03:00  INFO 24076 --- [SpringApplicationShutdownHook] o.s.c.n.e.s.EurekaServiceRegistry        : Unregistering application MSCARTOES with eureka with status DOWN
2023-04-08T08:21:52.760-03:00  INFO 24076 --- [org.springframework.amqp.rabbit.RabbitListenerEndpointContainer#0-2] o.s.a.r.l.SimpleMessageListenerContainer : Waiting for workers to finish.
2023-04-08T08:21:52.762-03:00  INFO 24076 --- [org.springframework.amqp.rabbit.RabbitListenerEndpointContainer#0-2] o.s.a.r.l.SimpleMessageListenerContainer : Successfully waited for workers to finish.
2023-04-08T08:21:52.784-03:00  INFO 24076 --- [SpringApplicationShutdownHook] o.s.a.r.l.SimpleMessageListenerContainer : Shutdown ignored - container is already stopped
2023-04-08T08:21:52.791-03:00  INFO 24076 --- [SpringApplicationShutdownHook] j.LocalContainerEntityManagerFactoryBean : Closing JPA EntityManagerFactory for persistence unit 'default'
2023-04-08T08:21:52.794-03:00  INFO 24076 --- [SpringApplicationShutdownHook] .SchemaDropperImpl$DelayedDropActionImpl : HHH000477: Starting delayed evictData of schema as part of SessionFactory shut-down'
2023-04-08T08:21:52.807-03:00  INFO 24076 --- [SpringApplicationShutdownHook] com.zaxxer.hikari.HikariDataSource       : HikariPool-1 - Shutdown initiated...
2023-04-08T08:21:52.818-03:00  INFO 24076 --- [SpringApplicationShutdownHook] com.zaxxer.hikari.HikariDataSource       : HikariPool-1 - Shutdown completed.
