2023-04-08T08:22:04.196-03:00  INFO 19068 --- [main] c.g.d.m.MsclientesApplicationTests       : Starting MsclientesApplicationTests using Java 17.0.3 with PID 19068 (started by Daniel in D:\desenvolvimento\ws-micro-service-spring\ws-mscurso-modular\Microservice-CursoMs\msclientes)
2023-04-08T08:22:04.215-03:00  INFO 19068 --- [main] c.g.d.m.MsclientesApplicationTests       : The following 1 profile is active: "dev"
2023-04-08T08:22:07.559-03:00  INFO 19068 --- [main] .s.d.r.c.RepositoryConfigurationDelegate : Bootstrapping Spring Data JPA repositories in DEFAULT mode.
2023-04-08T08:22:07.827-03:00  INFO 19068 --- [main] .s.d.r.c.RepositoryConfigurationDelegate : Finished Spring Data repository scanning in 252 ms. Found 1 JPA repository interfaces.
2023-04-08T08:22:08.436-03:00  INFO 19068 --- [main] o.s.cloud.context.scope.GenericScope     : BeanFactory id=a9a3c384-3c39-3b58-85e1-7e812c9bcf26
2023-04-08T08:22:09.475-03:00  INFO 19068 --- [main] com.zaxxer.hikari.HikariDataSource       : HikariPool-1 - Starting...
2023-04-08T08:22:10.004-03:00  INFO 19068 --- [main] com.zaxxer.hikari.pool.HikariPool        : HikariPool-1 - Added connection conn0: url=jdbc:h2:mem:6de198a8-802c-4dc2-b895-1840ccc2e058 user=SA
2023-04-08T08:22:10.010-03:00  INFO 19068 --- [main] com.zaxxer.hikari.HikariDataSource       : HikariPool-1 - Start completed.
2023-04-08T08:22:10.172-03:00  INFO 19068 --- [main] o.hibernate.jpa.internal.util.LogHelper  : HHH000204: Processing PersistenceUnitInfo [name: default]
2023-04-08T08:22:10.350-03:00  INFO 19068 --- [main] org.hibernate.Version                    : HHH000412: Hibernate ORM core version 6.1.7.Final
2023-04-08T08:22:11.140-03:00  INFO 19068 --- [main] SQL dialect                              : HHH000400: Using dialect: org.hibernate.dialect.H2Dialect
2023-04-08T08:22:12.572-03:00  INFO 19068 --- [main] o.h.e.t.j.p.i.JtaPlatformInitiator       : HHH000490: Using JtaPlatform implementation: [org.hibernate.engine.transaction.jta.platform.internal.NoJtaPlatform]
2023-04-08T08:22:12.589-03:00  INFO 19068 --- [main] j.LocalContainerEntityManagerFactoryBean : Initialized JPA EntityManagerFactory for persistence unit 'default'
2023-04-08T08:22:14.046-03:00  WARN 19068 --- [main] JpaBaseConfiguration$JpaWebConfiguration : spring.jpa.open-in-view is enabled by default. Therefore, database queries may be performed during view rendering. Explicitly configure spring.jpa.open-in-view to disable this warning
2023-04-08T08:22:20.878-03:00  INFO 19068 --- [main] DiscoveryClientOptionalArgsConfiguration : Eureka HTTP Client uses RestTemplate.
2023-04-08T08:22:21.009-03:00  WARN 19068 --- [main] iguration$LoadBalancerCaffeineWarnLogger : Spring Cloud LoadBalancer is currently working with the default cache. While this cache implementation is useful for development and tests, it's recommended to use Caffeine cache in production.You can switch to using Caffeine cache, by adding it and org.springframework.cache.caffeine.CaffeineCacheManager to the classpath.
2023-04-08T08:22:21.044-03:00  INFO 19068 --- [main] o.s.b.a.e.web.EndpointLinksResolver      : Exposing 17 endpoint(s) beneath base path '/actuator'
2023-04-08T08:22:21.308-03:00  INFO 19068 --- [main] c.g.d.m.MsclientesApplicationTests       : Started MsclientesApplicationTests in 18.458 seconds (process running for 20.845)
2023-04-08T08:22:21.890-03:00  INFO 19068 --- [SpringApplicationShutdownHook] o.s.c.n.eureka.InstanceInfoFactory       : Setting initial instance status as: STARTING
2023-04-08T08:22:21.893-03:00  INFO 19068 --- [SpringApplicationShutdownHook] o.s.c.n.e.s.EurekaServiceRegistry        : Unregistering application MSCLIENTES with eureka with status DOWN
2023-04-08T08:22:21.920-03:00  INFO 19068 --- [SpringApplicationShutdownHook] j.LocalContainerEntityManagerFactoryBean : Closing JPA EntityManagerFactory for persistence unit 'default'
2023-04-08T08:22:21.923-03:00  INFO 19068 --- [SpringApplicationShutdownHook] .SchemaDropperImpl$DelayedDropActionImpl : HHH000477: Starting delayed evictData of schema as part of SessionFactory shut-down'
2023-04-08T08:22:21.930-03:00  INFO 19068 --- [SpringApplicationShutdownHook] com.zaxxer.hikari.HikariDataSource       : HikariPool-1 - Shutdown initiated...
2023-04-08T08:22:21.941-03:00  INFO 19068 --- [SpringApplicationShutdownHook] com.zaxxer.hikari.HikariDataSource       : HikariPool-1 - Shutdown completed.
