2023-04-05T09:30:26.318-03:00  INFO 11724 --- [restartedMain] c.g.d.m.AvaliadorDeCreditoApplication    : Starting AvaliadorDeCreditoApplication using Java 17.0.3 with PID 11724 (D:\ws-int\Microcroservice\msavaliadorcredito\target\classes started by Daniel in D:\ws-int\Microcroservice\msavaliadorcredito)
2023-04-05T09:30:26.340-03:00  INFO 11724 --- [restartedMain] c.g.d.m.AvaliadorDeCreditoApplication    : No active profile set, falling back to 1 default profile: "default"
2023-04-05T09:30:26.792-03:00  INFO 11724 --- [restartedMain] .e.DevToolsPropertyDefaultsPostProcessor : Devtools property defaults active! Set 'spring.devtools.add-properties' to 'false' to disable
2023-04-05T09:30:26.792-03:00  INFO 11724 --- [restartedMain] .e.DevToolsPropertyDefaultsPostProcessor : For additional web related logging consider setting the 'logging.level.web' property to 'DEBUG'
2023-04-05T09:30:32.626-03:00  INFO 11724 --- [restartedMain] o.s.cloud.context.scope.GenericScope     : BeanFactory id=a695467d-6e00-342b-8b34-a6adb64845ea
2023-04-05T09:30:32.791-03:00  INFO 11724 --- [restartedMain] trationDelegate$BeanPostProcessorChecker : Bean 'com.github.danielfp13.msavaliadorcredito.infra.clients.CartoesResourseClient' of type [org.springframework.cloud.openfeign.FeignClientFactoryBean] is not eligible for getting processed by all BeanPostProcessors (for example: not eligible for auto-proxying)
2023-04-05T09:30:32.799-03:00  INFO 11724 --- [restartedMain] trationDelegate$BeanPostProcessorChecker : Bean 'com.github.danielfp13.msavaliadorcredito.infra.clients.ClienteResourseClient' of type [org.springframework.cloud.openfeign.FeignClientFactoryBean] is not eligible for getting processed by all BeanPostProcessors (for example: not eligible for auto-proxying)
2023-04-05T09:30:45.244-03:00  INFO 11724 --- [restartedMain] o.s.b.w.embedded.tomcat.TomcatWebServer  : Tomcat initialized with port(s): 0 (http)
2023-04-05T09:30:45.764-03:00  INFO 11724 --- [restartedMain] o.apache.catalina.core.StandardService   : Starting service [Tomcat]
2023-04-05T09:30:45.765-03:00  INFO 11724 --- [restartedMain] o.apache.catalina.core.StandardEngine    : Starting Servlet engine: [Apache Tomcat/10.1.7]
2023-04-05T09:30:47.114-03:00  INFO 11724 --- [restartedMain] o.a.c.c.C.[Tomcat].[localhost].[/]       : Initializing Spring embedded WebApplicationContext
2023-04-05T09:30:47.116-03:00  INFO 11724 --- [restartedMain] w.s.c.ServletWebServerApplicationContext : Root WebApplicationContext: initialization completed in 20322 ms
2023-04-05T09:30:55.709-03:00  WARN 11724 --- [restartedMain] o.s.b.d.a.OptionalLiveReloadServer       : Unable to start LiveReload server
2023-04-05T09:30:56.503-03:00  INFO 11724 --- [restartedMain] o.s.c.openfeign.FeignClientFactoryBean   : For 'msclientes' URL not provided. Will try picking an instance via load-balancing.
2023-04-05T09:30:57.386-03:00  INFO 11724 --- [restartedMain] o.s.c.openfeign.FeignClientFactoryBean   : For 'mscartoes' URL not provided. Will try picking an instance via load-balancing.
2023-04-05T09:31:06.740-03:00  INFO 11724 --- [restartedMain] DiscoveryClientOptionalArgsConfiguration : Eureka HTTP Client uses RestTemplate.
2023-04-05T09:31:09.174-03:00  WARN 11724 --- [restartedMain] iguration$LoadBalancerCaffeineWarnLogger : Spring Cloud LoadBalancer is currently working with the default cache. While this cache implementation is useful for development and tests, it's recommended to use Caffeine cache in production.You can switch to using Caffeine cache, by adding it and org.springframework.cache.caffeine.CaffeineCacheManager to the classpath.
2023-04-05T09:31:10.153-03:00  INFO 11724 --- [restartedMain] o.s.b.w.embedded.tomcat.TomcatWebServer  : Tomcat started on port(s): 63984 (http) with context path ''
2023-04-05T09:31:10.154-03:00  INFO 11724 --- [restartedMain] .s.c.n.e.s.EurekaAutoServiceRegistration : Updating port to 63984
2023-04-05T09:31:10.160-03:00  INFO 11724 --- [restartedMain] o.s.c.n.eureka.InstanceInfoFactory       : Setting initial instance status as: STARTING
2023-04-05T09:31:10.522-03:00  INFO 11724 --- [restartedMain] com.netflix.discovery.DiscoveryClient    : Initializing Eureka in region us-east-1
2023-04-05T09:31:10.535-03:00  INFO 11724 --- [restartedMain] c.n.d.s.r.aws.ConfigClusterResolver      : Resolving eureka endpoints via configuration
2023-04-05T09:31:10.677-03:00  INFO 11724 --- [restartedMain] com.netflix.discovery.DiscoveryClient    : Disable delta property : false
2023-04-05T09:31:10.678-03:00  INFO 11724 --- [restartedMain] com.netflix.discovery.DiscoveryClient    : Single vip registry refresh property : null
2023-04-05T09:31:10.679-03:00  INFO 11724 --- [restartedMain] com.netflix.discovery.DiscoveryClient    : Force full registry fetch : false
2023-04-05T09:31:10.679-03:00  INFO 11724 --- [restartedMain] com.netflix.discovery.DiscoveryClient    : Application is null : false
2023-04-05T09:31:10.679-03:00  INFO 11724 --- [restartedMain] com.netflix.discovery.DiscoveryClient    : Registered Applications size is zero : true
2023-04-05T09:31:10.679-03:00  INFO 11724 --- [restartedMain] com.netflix.discovery.DiscoveryClient    : Application version is -1: true
2023-04-05T09:31:10.679-03:00  INFO 11724 --- [restartedMain] com.netflix.discovery.DiscoveryClient    : Getting all instance registry info from the eureka server
2023-04-05T09:31:14.463-03:00  INFO 11724 --- [restartedMain] com.netflix.discovery.DiscoveryClient    : The response status is 200
2023-04-05T09:31:14.470-03:00  INFO 11724 --- [restartedMain] com.netflix.discovery.DiscoveryClient    : Starting heartbeat executor: renew interval is: 30
2023-04-05T09:31:14.475-03:00  INFO 11724 --- [restartedMain] c.n.discovery.InstanceInfoReplicator     : InstanceInfoReplicator onDemand update allowed rate per min is 4
2023-04-05T09:31:14.483-03:00  INFO 11724 --- [restartedMain] com.netflix.discovery.DiscoveryClient    : Discovery Client initialized at timestamp 1680697874482 with initial instances count: 3
2023-04-05T09:31:14.486-03:00  INFO 11724 --- [restartedMain] o.s.c.n.e.s.EurekaServiceRegistry        : Registering application MSAVALIADORCREDITO with eureka with status UP
2023-04-05T09:31:14.489-03:00  INFO 11724 --- [restartedMain] com.netflix.discovery.DiscoveryClient    : Saw local status change event StatusChangeEvent [timestamp=1680697874489, current=UP, previous=STARTING]
2023-04-05T09:31:14.973-03:00  INFO 11724 --- [DiscoveryClient-InstanceInfoReplicator-0] com.netflix.discovery.DiscoveryClient    : DiscoveryClient_MSAVALIADORCREDITO/msavaliadorcredito:b330fba1386bc624d875e1898d3a5908: registering service...
2023-04-05T09:31:15.325-03:00  INFO 11724 --- [DiscoveryClient-InstanceInfoReplicator-0] com.netflix.discovery.DiscoveryClient    : DiscoveryClient_MSAVALIADORCREDITO/msavaliadorcredito:b330fba1386bc624d875e1898d3a5908 - registration status: 204
2023-04-05T09:31:16.544-03:00  INFO 11724 --- [restartedMain] c.g.d.m.AvaliadorDeCreditoApplication    : Started AvaliadorDeCreditoApplication in 66.251 seconds (process running for 75.547)
2023-04-05T09:36:10.764-03:00  INFO 11724 --- [AsyncResolver-bootstrap-executor-0] c.n.d.s.r.aws.ConfigClusterResolver      : Resolving eureka endpoints via configuration
2023-04-05T09:38:55.012-03:00  INFO 11724 --- [SpringApplicationShutdownHook] o.s.c.n.e.s.EurekaServiceRegistry        : Unregistering application MSAVALIADORCREDITO with eureka with status DOWN
2023-04-05T09:38:55.014-03:00  INFO 11724 --- [SpringApplicationShutdownHook] com.netflix.discovery.DiscoveryClient    : Saw local status change event StatusChangeEvent [timestamp=1680698335014, current=DOWN, previous=UP]
2023-04-05T09:38:55.015-03:00  INFO 11724 --- [DiscoveryClient-InstanceInfoReplicator-0] com.netflix.discovery.DiscoveryClient    : DiscoveryClient_MSAVALIADORCREDITO/msavaliadorcredito:b330fba1386bc624d875e1898d3a5908: registering service...
2023-04-05T09:38:55.213-03:00  INFO 11724 --- [DiscoveryClient-InstanceInfoReplicator-0] com.netflix.discovery.DiscoveryClient    : DiscoveryClient_MSAVALIADORCREDITO/msavaliadorcredito:b330fba1386bc624d875e1898d3a5908 - registration status: 204
2023-04-05T09:38:55.451-03:00  INFO 11724 --- [SpringApplicationShutdownHook] com.netflix.discovery.DiscoveryClient    : Shutting down DiscoveryClient ...
2023-04-05T09:38:58.524-03:00  INFO 11724 --- [SpringApplicationShutdownHook] com.netflix.discovery.DiscoveryClient    : Unregistering ...
2023-04-05T09:38:58.684-03:00  INFO 11724 --- [SpringApplicationShutdownHook] com.netflix.discovery.DiscoveryClient    : DiscoveryClient_MSAVALIADORCREDITO/msavaliadorcredito:b330fba1386bc624d875e1898d3a5908 - deregister  status: 200
2023-04-05T09:38:58.757-03:00  INFO 11724 --- [SpringApplicationShutdownHook] com.netflix.discovery.DiscoveryClient    : Completed shut down of DiscoveryClient
